app/proguard-rules.pro
# Add project specific ProGuard rules here.
# You can control the set of applied configuration files using the
# proguardFiles setting in build.gradle.
#
# For more details, see
#   http://developer.android.com/guide/developing/tools/proguard.html

# If you keep the line number information, uncomment this to
# hide the original source file name.
#-renamesourcefileattribute SourceFile

# Kotlin Serialization — required for type-safe Jetpack Navigation routes
# and for the Nearby Connections GameMessage wire protocol.
-keepattributes *Annotation*, InnerClasses
-dontnote kotlinx.serialization.AnnotationsKt
-keepclassmembers @kotlinx.serialization.Serializable class ** {
    *** Companion;
    *** INSTANCE;
    kotlinx.serialization.KSerializer serializer(...);
}
-keep @kotlinx.serialization.Serializable class * { *; }
-if @kotlinx.serialization.Serializable class **
-keepclassmembers class <1>$$serializer {
    <fields>;
}