app/build/outputs/mapping/release/seeds.txt
com.tolstykh.blindduel.connection.GameMessage$Quit
com.tolstykh.blindduel.navigation.Duel
com.tolstykh.blindduel.connection.GameMessage$FireEvent
com.tolstykh.blindduel.ui.result.ResultViewModel
com.tolstykh.blindduel.connection.GameMessage$RematchRequest
com.tolstykh.blindduel.BlindDuelApp_GeneratedInjector
com.tolstykh.blindduel.navigation.Create
com.tolstykh.blindduel.connection.GameMessage$CalibrationComplete
com.tolstykh.blindduel.navigation.Calibration
com.tolstykh.blindduel.ui.duel.DuelViewModel
com.tolstykh.blindduel.BlindDuelApp
com.tolstykh.blindduel.connection.GameMessage$HealthUpdate
com.tolstykh.blindduel.ui.create.CreateViewModel
com.tolstykh.blindduel.connection.GameMessage
com.tolstykh.blindduel.connection.GameMessage$Hello
com.tolstykh.blindduel.MainActivity
com.tolstykh.blindduel.navigation.Result
com.tolstykh.blindduel.connection.GameMessage$MotionUpdate
com.tolstykh.blindduel.ui.mainmenu.MainMenuViewModel
com.tolstykh.blindduel.navigation.Join
com.tolstykh.blindduel.MainActivity_GeneratedInjector
com.tolstykh.blindduel.ui.join.JoinViewModel
com.tolstykh.blindduel.navigation.MainMenu
com.tolstykh.blindduel.ui.calibration.CalibrationViewModel
com.tolstykh.blindduel.connection.GameMessage$ReadyForDuel
com.tolstykh.blindduel.connection.GameMessage$RematchRequest: com.tolstykh.blindduel.connection.GameMessage$RematchRequest INSTANCE
com.tolstykh.blindduel.navigation.Calibration: kotlin.Lazy $cachedSerializer$delegate
com.tolstykh.blindduel.connection.GameMessage$CalibrationComplete: int $stable
com.tolstykh.blindduel.connection.GameMessage$Quit: com.tolstykh.blindduel.connection.GameMessage$Quit INSTANCE
com.tolstykh.blindduel.connection.GameMessage$Hello$$serializer: kotlinx.serialization.descriptors.SerialDescriptor descriptor
com.tolstykh.blindduel.connection.GameMessage$CalibrationComplete$$serializer: com.tolstykh.blindduel.connection.GameMessage$CalibrationComplete$$serializer INSTANCE
com.tolstykh.blindduel.connection.GameMessage$RematchRequest: int $stable
com.tolstykh.blindduel.navigation.Join: kotlin.Lazy $cachedSerializer$delegate
com.tolstykh.blindduel.connection.GameMessage$Hello: com.tolstykh.blindduel.connection.GameMessage$Hello$Companion Companion
com.tolstykh.blindduel.connection.GameMessage: com.tolstykh.blindduel.connection.GameMessage$Companion Companion
com.tolstykh.blindduel.connection.GameMessage$MotionUpdate: float stepVectorXMeters
com.tolstykh.blindduel.navigation.Create: com.tolstykh.blindduel.navigation.Create INSTANCE
com.tolstykh.blindduel.navigation.Calibration: com.tolstykh.blindduel.navigation.Calibration INSTANCE
com.tolstykh.blindduel.navigation.Duel: kotlin.Lazy $cachedSerializer$delegate
com.tolstykh.blindduel.connection.GameMessage$MotionUpdate: float headingDegrees
com.tolstykh.blindduel.connection.GameMessage$RematchRequest: kotlin.Lazy $cachedSerializer$delegate
com.tolstykh.blindduel.connection.GameMessage$HealthUpdate$$serializer: kotlinx.serialization.descriptors.SerialDescriptor descriptor
com.tolstykh.blindduel.connection.GameMessage$Hello$$serializer: int $stable
com.tolstykh.blindduel.connection.GameMessage$CalibrationComplete: float baselineHeadingDegrees
com.tolstykh.blindduel.connection.GameMessage$MotionUpdate: float stepVectorYMeters
com.tolstykh.blindduel.connection.GameMessage$FireEvent$$serializer: int $stable
com.tolstykh.blindduel.connection.GameMessage$ReadyForDuel: com.tolstykh.blindduel.connection.GameMessage$ReadyForDuel INSTANCE
com.tolstykh.blindduel.navigation.Result: com.tolstykh.blindduel.navigation.Result INSTANCE
com.tolstykh.blindduel.connection.GameMessage$FireEvent: int $stable
com.tolstykh.blindduel.connection.GameMessage$ReadyForDuel: int $stable
com.tolstykh.blindduel.connection.GameMessage$ReadyForDuel: kotlin.Lazy $cachedSerializer$delegate
com.tolstykh.blindduel.connection.GameMessage$HealthUpdate: com.tolstykh.blindduel.connection.GameMessage$HealthUpdate$Companion Companion
...
com.google.android.gms.internal.nearby.zzhg: android.os.Parcelable$Creator CREATOR
com.google.photos.vision.barhopper.zzc: com.google.photos.vision.barhopper.zzn zzq
com.google.photos.vision.barhopper.zzl: int zzi
com.google.android.gms.internal.mlkit_vision_barcode_bundled.zzf: com.google.android.gms.internal.mlkit_vision_barcode_bundled.zzeo zzf
com.google.android.gms.internal.mlkit_vision_barcode.zzxq: android.os.Parcelable$Creator CREATOR
com.google.android.gms.internal.mlkit_vision_barcode_bundled.zzhw: int zze
com.google.photos.vision.barhopper.zzr: java.lang.String zzo
kotlinx.coroutines.channels.BufferedChannel: java.lang.Object _closeCause$volatile
com.google.android.gms.internal.mlkit_vision_barcode_bundled.zzjj: java.lang.String zzg
com.google.photos.vision.barhopper.zzn: java.lang.String zze
com.google.barhopper.deeplearning.zzc: int zzi
com.google.barhopper.deeplearning.zzac: int zzd
com.google.android.gms.internal.mlkit_vision_barcode_bundled.zzil: int zzd
kotlinx.coroutines.EventLoopImplBase: java.lang.Object _queue$volatile
com.google.android.gms.internal.mlkit_vision_barcode_bundled.zzio: int zzi
com.google.barhopper.deeplearning.BarhopperV3Options: com.google.barhopper.deeplearning.BarhopperV3Options zzb
com.google.barhopper.deeplearning.zzn: com.google.barhopper.deeplearning.zzn zzb
com.google.photos.vision.barhopper.BarhopperProto$BarhopperResponse: int zzf
com.google.android.gms.internal.mlkit_vision_barcode.zzxy: android.os.Parcelable$Creator CREATOR
com.google.android.gms.internal.mlkit_vision_barcode_bundled.zzjh: com.google.android.gms.internal.mlkit_vision_barcode_bundled.zzjh zzb
com.google.barhopper.deeplearning.zzw: boolean zzi
kotlinx.coroutines.internal.ConcurrentLinkedListNode: java.lang.Object _prev$volatile
com.google.photos.vision.barhopper.zzc: com.google.android.gms.internal.mlkit_vision_barcode_bundled.zzen zzu
com.google.android.gms.internal.mlkit_vision_barcode_bundled.zzjd: com.google.android.gms.internal.mlkit_vision_barcode_bundled.zzhm zzg
com.google.barhopper.deeplearning.zzc: com.google.barhopper.deeplearning.zzc zzb
com.google.android.gms.internal.mlkit_vision_barcode_bundled.zzci: com.google.android.gms.internal.mlkit_vision_barcode_bundled.zzci zzb
androidx.savedstate.serialization.serializers.SparseArraySerializer$SparseArraySurrogate: kotlinx.serialization.descriptors.SerialDescriptor $cachedDescriptor
com.google.android.gms.internal.mlkit_vision_barcode_bundled.zzj: com.google.android.gms.internal.mlkit_vision_barcode_bundled.zzp zzi
com.google.android.gms.internal.mlkit_vision_barcode_bundled.zzjp: com.google.android.gms.internal.mlkit_vision_barcode_bundled.zziu zzn
com.google.android.gms.internal.mlkit_vision_barcode_bundled.zzhk: com.google.android.gms.internal.mlkit_vision_barcode_bundled.zzjp zzf
com.google.android.gms.internal.mlkit_vision_barcode_bundled.zzjf: long zzg
com.google.android.gms.internal.mlkit_vision_barcode_bundled.zzic: com.google.android.gms.internal.mlkit_vision_barcode_bundled.zzic zzb
com.google.android.gms.internal.mlkit_vision_barcode_bundled.zzx: int zzd
com.google.photos.vision.barhopper.zzj: com.google.android.gms.internal.mlkit_vision_barcode_bundled.zzeo zzf
kotlinx.coroutines.channels.BufferedChannel: java.lang.Object receiveSegment$volatile
kotlinx.coroutines.DispatchedCoroutine: int _decision$volatile
com.google.android.gms.internal.mlkit_vision_barcode_bundled.zzjp: com.google.android.gms.internal.mlkit_vision_barcode_bundled.zzho zzh
com.google.android.gms.common.internal.GetServiceRequest: android.os.Parcelable$Creator CREATOR
com.google.barhopper.deeplearning.zzw: com.google.android.gms.internal.mlkit_vision_barcode_bundled.zzdf zze
com.google.android.libraries.barhopper.MultiScaleDecodingOptions: boolean skipProcessingIfBarcodeFound
com.google.android.gms.internal.mlkit_vision_barcode_bundled.zzp: com.google.android.gms.internal.mlkit_vision_barcode_bundled.zzem zzf